[2026-01-24 12:19:34 +0000] [1494477] [INFO] Starting gunicorn 21.2.0
[2026-01-24 12:19:34 +0000] [1494477] [ERROR] Connection in use: ('127.0.0.1', 8000)
[2026-01-24 12:19:34 +0000] [1494477] [ERROR] Retrying in 1 second.
[2026-01-24 12:19:35 +0000] [1494477] [ERROR] Connection in use: ('127.0.0.1', 8000)
[2026-01-24 12:19:35 +0000] [1494477] [ERROR] Retrying in 1 second.
[2026-01-24 12:19:36 +0000] [1494477] [ERROR] Connection in use: ('127.0.0.1', 8000)
[2026-01-24 12:19:36 +0000] [1494477] [ERROR] Retrying in 1 second.
[2026-01-24 12:19:37 +0000] [1494477] [ERROR] Connection in use: ('127.0.0.1', 8000)
[2026-01-24 12:19:37 +0000] [1494477] [ERROR] Retrying in 1 second.
[2026-01-24 12:19:38 +0000] [1494477] [ERROR] Connection in use: ('127.0.0.1', 8000)
[2026-01-24 12:19:38 +0000] [1494477] [ERROR] Retrying in 1 second.
[2026-01-24 12:19:39 +0000] [1494477] [ERROR] Can't connect to ('127.0.0.1', 8000)
[2026-01-24 12:21:58 +0000] [1494706] [INFO] Starting gunicorn 21.2.0
[2026-01-24 12:21:58 +0000] [1494706] [INFO] Listening at: http://127.0.0.1:8001 (1494706)
[2026-01-24 12:21:58 +0000] [1494706] [INFO] Using worker: sync
[2026-01-24 12:21:58 +0000] [1494707] [INFO] Booting worker with pid: 1494707
[2026-01-24 12:21:58 +0000] [1494708] [INFO] Booting worker with pid: 1494708
[2026-01-24 12:21:58 +0000] [1494709] [INFO] Booting worker with pid: 1494709
[2026-01-24 12:21:58 +0000] [1494710] [INFO] Booting worker with pid: 1494710
[2026-01-24 12:21:58 +0000] [1494711] [INFO] Booting worker with pid: 1494711
[2026-01-24 12:21:58 +0000] [1494712] [INFO] Booting worker with pid: 1494712
[2026-01-24 12:21:58 +0000] [1494713] [INFO] Booting worker with pid: 1494713
[2026-01-24 12:21:58 +0000] [1494714] [INFO] Booting worker with pid: 1494714
[2026-01-24 12:21:59 +0000] [1494715] [INFO] Booting worker with pid: 1494715
[2026-01-24 12:22:16 +0000] [1494706] [INFO] Handling signal: int
[2026-01-24 14:22:16 +0200] [1494708] [INFO] Worker exiting (pid: 1494708)
[2026-01-24 14:22:16 +0200] [1494707] [INFO] Worker exiting (pid: 1494707)
[2026-01-24 14:22:16 +0200] [1494709] [INFO] Worker exiting (pid: 1494709)
[2026-01-24 14:22:16 +0200] [1494710] [INFO] Worker exiting (pid: 1494710)
[2026-01-24 14:22:16 +0200] [1494712] [INFO] Worker exiting (pid: 1494712)
[2026-01-24 14:22:16 +0200] [1494713] [INFO] Worker exiting (pid: 1494713)
[2026-01-24 14:22:16 +0200] [1494711] [INFO] Worker exiting (pid: 1494711)
[2026-01-24 14:22:16 +0200] [1494715] [INFO] Worker exiting (pid: 1494715)
[2026-01-24 14:22:16 +0200] [1494714] [INFO] Worker exiting (pid: 1494714)
[2026-01-24 12:22:16 +0000] [1494706] [ERROR] Worker (pid:1494712) was sent SIGINT!
[2026-01-24 12:22:16 +0000] [1494706] [ERROR] Worker (pid:1494713) was sent SIGINT!
[2026-01-24 12:22:16 +0000] [1494706] [ERROR] Worker (pid:1494711) was sent SIGINT!
[2026-01-24 12:22:16 +0000] [1494706] [ERROR] Worker (pid:1494708) was sent SIGINT!
[2026-01-24 12:22:16 +0000] [1494706] [ERROR] Worker (pid:1494709) was sent SIGINT!
[2026-01-24 12:22:16 +0000] [1494706] [ERROR] Worker (pid:1494715) was sent SIGINT!
[2026-01-24 12:22:16 +0000] [1494706] [ERROR] Worker (pid:1494710) was sent SIGINT!
[2026-01-24 12:22:16 +0000] [1494706] [ERROR] Worker (pid:1494707) was sent SIGINT!
[2026-01-24 12:22:16 +0000] [1494706] [ERROR] Worker (pid:1494714) was sent SIGINT!
[2026-01-24 12:22:16 +0000] [1494706] [INFO] Shutting down: Master
[2026-01-24 12:25:12 +0000] [1494969] [INFO] Starting gunicorn 21.2.0
[2026-01-24 12:25:12 +0000] [1494969] [INFO] Listening at: http://127.0.0.1:8001 (1494969)
[2026-01-24 12:25:12 +0000] [1494969] [INFO] Using worker: sync
[2026-01-24 12:25:12 +0000] [1494970] [INFO] Booting worker with pid: 1494970
[2026-01-24 12:25:12 +0000] [1494971] [INFO] Booting worker with pid: 1494971
[2026-01-24 12:25:12 +0000] [1494972] [INFO] Booting worker with pid: 1494972
[2026-01-24 12:25:12 +0000] [1494973] [INFO] Booting worker with pid: 1494973
[2026-01-24 12:25:12 +0000] [1494974] [INFO] Booting worker with pid: 1494974
[2026-01-24 12:25:12 +0000] [1494975] [INFO] Booting worker with pid: 1494975
[2026-01-24 12:25:12 +0000] [1494976] [INFO] Booting worker with pid: 1494976
[2026-01-24 12:25:12 +0000] [1494977] [INFO] Booting worker with pid: 1494977
[2026-01-24 12:25:12 +0000] [1494978] [INFO] Booting worker with pid: 1494978
[2026-01-24 12:47:13 +0000] [1494969] [INFO] Handling signal: term
[2026-01-24 14:47:13 +0200] [1494973] [INFO] Worker exiting (pid: 1494973)
[2026-01-24 14:47:13 +0200] [1494971] [INFO] Worker exiting (pid: 1494971)
[2026-01-24 14:47:13 +0200] [1494970] [INFO] Worker exiting (pid: 1494970)
[2026-01-24 14:47:13 +0200] [1494972] [INFO] Worker exiting (pid: 1494972)
[2026-01-24 14:47:13 +0200] [1494974] [INFO] Worker exiting (pid: 1494974)
[2026-01-24 14:47:13 +0200] [1494975] [INFO] Worker exiting (pid: 1494975)
[2026-01-24 14:47:13 +0200] [1494976] [INFO] Worker exiting (pid: 1494976)
[2026-01-24 14:47:13 +0200] [1494977] [INFO] Worker exiting (pid: 1494977)
[2026-01-24 14:47:13 +0200] [1494978] [INFO] Worker exiting (pid: 1494978)
[2026-01-24 12:47:13 +0000] [1494969] [INFO] Shutting down: Master
[2026-01-24 12:47:14 +0000] [1496434] [INFO] Starting gunicorn 21.2.0
[2026-01-24 12:47:14 +0000] [1496434] [INFO] Listening at: http://127.0.0.1:8001 (1496434)
[2026-01-24 12:47:14 +0000] [1496434] [INFO] Using worker: sync
[2026-01-24 12:47:14 +0000] [1496436] [INFO] Booting worker with pid: 1496436
[2026-01-24 12:47:14 +0000] [1496437] [INFO] Booting worker with pid: 1496437
[2026-01-24 12:47:14 +0000] [1496438] [INFO] Booting worker with pid: 1496438
[2026-01-24 12:47:14 +0000] [1496439] [INFO] Booting worker with pid: 1496439
[2026-01-24 12:47:14 +0000] [1496440] [INFO] Booting worker with pid: 1496440
[2026-01-24 12:47:14 +0000] [1496441] [INFO] Booting worker with pid: 1496441
[2026-01-24 12:47:14 +0000] [1496442] [INFO] Booting worker with pid: 1496442
[2026-01-24 12:47:14 +0000] [1496443] [INFO] Booting worker with pid: 1496443
[2026-01-24 12:47:14 +0000] [1496444] [INFO] Booting worker with pid: 1496444
[2026-01-26 11:57:49 +0200] [1496443] [WARNING] Invalid request from ip=127.0.0.1: limit request headers fields size
[2026-01-29 20:57:26 +0200] [1496437] [INFO] Autorestarting worker after current request.
[2026-01-29 20:57:26 +0200] [1496437] [INFO] Worker exiting (pid: 1496437)
[2026-01-29 18:57:26 +0000] [2115495] [INFO] Booting worker with pid: 2115495
[2026-01-30 23:39:36 +0200] [1496443] [INFO] Autorestarting worker after current request.
[2026-01-30 23:39:36 +0200] [1496443] [INFO] Worker exiting (pid: 1496443)
[2026-01-30 21:39:36 +0000] [2241516] [INFO] Booting worker with pid: 2241516
[2026-01-30 23:40:26 +0200] [1496444] [INFO] Autorestarting worker after current request.
[2026-01-30 23:40:26 +0200] [1496444] [INFO] Worker exiting (pid: 1496444)
[2026-01-30 21:40:26 +0000] [2241579] [INFO] Booting worker with pid: 2241579
[2026-01-30 23:40:48 +0200] [1496439] [INFO] Autorestarting worker after current request.
[2026-01-30 23:40:48 +0200] [1496439] [INFO] Worker exiting (pid: 1496439)
[2026-01-30 21:40:48 +0000] [2241597] [INFO] Booting worker with pid: 2241597
[2026-01-30 23:41:20 +0200] [1496442] [INFO] Autorestarting worker after current request.
[2026-01-30 23:41:20 +0200] [1496442] [INFO] Worker exiting (pid: 1496442)
[2026-01-30 21:41:20 +0000] [2241673] [INFO] Booting worker with pid: 2241673
[2026-01-30 23:41:50 +0200] [1496441] [INFO] Autorestarting worker after current request.
[2026-01-30 23:41:50 +0200] [1496441] [INFO] Worker exiting (pid: 1496441)
[2026-01-30 21:41:51 +0000] [2241728] [INFO] Booting worker with pid: 2241728
[2026-01-30 23:42:00 +0200] [1496438] [INFO] Autorestarting worker after current request.
[2026-01-30 23:42:00 +0200] [1496438] [INFO] Worker exiting (pid: 1496438)
[2026-01-30 21:42:01 +0000] [2241740] [INFO] Booting worker with pid: 2241740
[2026-01-30 23:42:04 +0200] [1496440] [INFO] Autorestarting worker after current request.
[2026-01-30 23:42:04 +0200] [1496440] [INFO] Worker exiting (pid: 1496440)
[2026-01-30 21:42:05 +0000] [2241745] [INFO] Booting worker with pid: 2241745
[2026-01-30 23:42:35 +0200] [1496436] [INFO] Autorestarting worker after current request.
[2026-01-30 23:42:35 +0200] [1496436] [INFO] Worker exiting (pid: 1496436)
[2026-01-30 21:42:36 +0000] [2241803] [INFO] Booting worker with pid: 2241803
[2026-01-31 13:25:38 +0200] [2115495] [INFO] Autorestarting worker after current request.
[2026-01-31 13:25:38 +0200] [2115495] [INFO] Worker exiting (pid: 2115495)
[2026-01-31 11:25:38 +0000] [2302445] [INFO] Booting worker with pid: 2302445
[2026-01-31 13:25:49 +0200] [2241516] [INFO] Autorestarting worker after current request.
[2026-01-31 13:25:49 +0200] [2241516] [INFO] Worker exiting (pid: 2241516)
[2026-01-31 11:25:50 +0000] [2302452] [INFO] Booting worker with pid: 2302452
[2026-02-01 02:14:25 +0200] [2241579] [INFO] Autorestarting worker after current request.
[2026-02-01 02:14:25 +0200] [2241579] [INFO] Worker exiting (pid: 2241579)
[2026-02-01 00:14:25 +0000] [2354360] [INFO] Booting worker with pid: 2354360
[2026-02-01 11:12:25 +0200] [2241597] [INFO] Autorestarting worker after current request.
[2026-02-01 11:12:25 +0200] [2241597] [INFO] Worker exiting (pid: 2241597)
[2026-02-01 09:12:25 +0000] [2396889] [INFO] Booting worker with pid: 2396889
[2026-02-01 11:12:26 +0200] [2241740] [INFO] Autorestarting worker after current request.
[2026-02-01 11:12:26 +0200] [2241740] [INFO] Worker exiting (pid: 2241740)
[2026-02-01 09:12:26 +0000] [2396890] [INFO] Booting worker with pid: 2396890
[2026-02-01 11:12:28 +0200] [2241745] [INFO] Autorestarting worker after current request.
[2026-02-01 11:12:28 +0200] [2241745] [INFO] Worker exiting (pid: 2241745)
[2026-02-01 09:12:28 +0000] [2396897] [INFO] Booting worker with pid: 2396897
[2026-02-01 11:12:28 +0200] [2241673] [INFO] Autorestarting worker after current request.
[2026-02-01 11:12:28 +0200] [2241673] [INFO] Worker exiting (pid: 2241673)
[2026-02-01 09:12:28 +0000] [2396898] [INFO] Booting worker with pid: 2396898
[2026-02-01 11:12:43 +0200] [2241728] [INFO] Autorestarting worker after current request.
[2026-02-01 11:12:43 +0200] [2241728] [INFO] Worker exiting (pid: 2241728)
[2026-02-01 09:12:43 +0000] [2396909] [INFO] Booting worker with pid: 2396909
[2026-02-01 11:12:44 +0200] [2241803] [INFO] Autorestarting worker after current request.
[2026-02-01 11:12:44 +0200] [2241803] [INFO] Worker exiting (pid: 2241803)
[2026-02-01 09:12:44 +0000] [2396910] [INFO] Booting worker with pid: 2396910
[2026-02-05 17:47:18 +0200] [2302445] [INFO] Autorestarting worker after current request.
[2026-02-05 17:47:18 +0200] [2302445] [INFO] Worker exiting (pid: 2302445)
[2026-02-05 15:47:18 +0000] [2827542] [INFO] Booting worker with pid: 2827542
[2026-02-05 20:46:05 +0200] [2354360] [INFO] Autorestarting worker after current request.
[2026-02-05 20:46:05 +0200] [2354360] [INFO] Worker exiting (pid: 2354360)
[2026-02-05 18:46:05 +0000] [2840185] [INFO] Booting worker with pid: 2840185
[2026-02-06 04:32:59 +0200] [2302452] [INFO] Autorestarting worker after current request.
[2026-02-06 04:32:59 +0200] [2302452] [INFO] Worker exiting (pid: 2302452)
[2026-02-06 02:33:00 +0000] [2871234] [INFO] Booting worker with pid: 2871234
[2026-02-06 04:33:19 +0200] [2396890] [INFO] Autorestarting worker after current request.
[2026-02-06 04:33:19 +0200] [2396890] [INFO] Worker exiting (pid: 2396890)
[2026-02-06 02:33:20 +0000] [2871268] [INFO] Booting worker with pid: 2871268
[2026-02-09 05:20:00 +0200] [2396898] [INFO] Autorestarting worker after current request.
[2026-02-09 05:20:00 +0200] [2396898] [INFO] Worker exiting (pid: 2396898)
[2026-02-09 03:20:00 +0000] [3164767] [INFO] Booting worker with pid: 3164767
[2026-02-09 19:03:22 +0200] [2396909] [INFO] Autorestarting worker after current request.
[2026-02-09 19:03:22 +0200] [2396909] [INFO] Worker exiting (pid: 2396909)
[2026-02-09 17:03:23 +0000] [3216656] [INFO] Booting worker with pid: 3216656
[2026-02-11 00:41:13 +0200] [2396897] [INFO] Autorestarting worker after current request.
[2026-02-11 00:41:13 +0200] [2396897] [INFO] Worker exiting (pid: 2396897)
[2026-02-10 22:41:13 +0000] [3330296] [INFO] Booting worker with pid: 3330296
